\BOOKMARK [2][]{Outline0.1}{Estimaci\363n por intervalos}{}% 1
\BOOKMARK [2][]{Outline0.2}{Repaso s\372per r\341pido.....}{}% 2
\BOOKMARK [2][]{Outline0.3}{Funci\363n de densidad de probabilidad discreta \(FDP\)}{}% 3
\BOOKMARK [2][]{Outline0.4}{FDP condicional}{}% 4
\BOOKMARK [2][]{Outline0.5}{Caracter\355sticas de las distribuciones de probabilidad}{}% 5
\BOOKMARK [2][]{Outline0.6}{Distribuci\363n Normal}{}% 6
\BOOKMARK [2][]{Outline0.7}{Distribuci\363n Normal}{}% 7
\BOOKMARK [2][]{Outline0.8}{Retomamamos la estimaci\363n por intervalos}{}% 8
\BOOKMARK [2][]{Outline0.9}{Detalles sobre la \372ltima ecuaci\363n}{}% 9
\BOOKMARK [2][]{Outline0.10}{\277C\363mo se construyen los intervalos de confianza?}{}% 10
\BOOKMARK [2][]{Outline0.11}{Intervalos de confianza para los coeficientes 1 y 2}{}% 11
\BOOKMARK [2][]{Outline0.12}{Intervalos de confianza para los coeficientes 1 y 2}{}% 12
\BOOKMARK [2][]{Outline0.13}{Intervalos de confianza para 2}{}% 13
\BOOKMARK [2][]{Outline0.14}{Gr\341fico Ejemplo}{}% 14
\BOOKMARK [2][]{Outline0.15}{Pruebas de hip\363tesis}{}% 15
\BOOKMARK [2][]{Outline0.16}{M\351todo del intervalo de confianza: prueba de dos colas}{}% 16
\BOOKMARK [2][]{Outline0.17}{Gr\341fico intervalo de confianza}{}% 17
\BOOKMARK [2][]{Outline0.18}{Datos ejemplo}{}% 18
\BOOKMARK [2][]{Outline0.19}{Con los datos anteriores..........}{}% 19
\BOOKMARK [2][]{Outline0.20}{M\351todo del intervalo de confianza: prueba de un lado o una cola}{}% 20
\BOOKMARK [2][]{Outline0.21}{Prueba de hip\363tesis: M\351todo de prueba de significancia}{}% 21
\BOOKMARK [2][]{Outline0.22}{Prueba de hip\363tesis: M\351todo de prueba de significancia}{}% 22
\BOOKMARK [2][]{Outline0.23}{Criterio de decisi\363n prueba t}{}% 23
\BOOKMARK [2][]{Outline0.24}{Prueba de significancia para 2: la prueba 2}{}% 24
\BOOKMARK [2][]{Outline0.25}{Criterio de decisi\363n prueba 2}{}% 25
\BOOKMARK [2][]{Outline0.26}{Selecci\363n del nivel de significancia }{}% 26
\BOOKMARK [2][]{Outline0.27}{P-value o nivel exacto de significancia}{}% 27
