\BOOKMARK [2][]{Outline0.1}{Regresi\363n Lineal Simple: Motivaci\363n}{}% 1
\BOOKMARK [2][]{Outline0.2}{Objetivos del an\341lisis de regresi\363n}{}% 2
\BOOKMARK [2][]{Outline0.3}{Ejemplo}{}% 3
\BOOKMARK [2][]{Outline0.4}{La Funci\363n de Regresi\363n Poblacional \(FRP\)}{}% 4
\BOOKMARK [2][]{Outline0.5}{Gr\341fico de puntos \(poblaci\363n \363 distribuci\363n de \(X,Y\)\)}{}% 5
\BOOKMARK [2][]{Outline0.6}{Obteniendo la FRP: Para cada valor de X \(educ\) calculamos E\(YX=x\)}{}% 6
\BOOKMARK [2][]{Outline0.7}{FRP}{}% 7
\BOOKMARK [2][]{Outline0.8}{FRP \(ejemplo\)}{}% 8
\BOOKMARK [2][]{Outline0.9}{Especificaci\363n estoc\341stica de la FRP}{}% 9
\BOOKMARK [2][]{Outline0.10}{Especificaci\363n estoc\341stica de la FRP}{}% 10
\BOOKMARK [2][]{Outline0.11}{Especificaci\363n estoc\341stica de la FRP}{}% 11
\BOOKMARK [2][]{Outline0.12}{Origen o naturaleza del t\351rmino de error}{}% 12
\BOOKMARK [2][]{Outline0.13}{Elementos de la FRP \(y de la FRP estoc\341stica\)}{}% 13
\BOOKMARK [2][]{Outline0.14}{Modelo de Regresi\363n Lineal Simple}{}% 14
\BOOKMARK [2][]{Outline0.15}{Importancia de la pendiente}{}% 15
\BOOKMARK [2][]{Outline0.16}{Aplicaci\363n: elasticidades}{}% 16
\BOOKMARK [2][]{Outline0.17}{Aplicaci\363n: elasticidades}{}% 17
\BOOKMARK [2][]{Outline0.18}{Linealidad}{}% 18
\BOOKMARK [2][]{Outline0.19}{Funci\363n de Regresi\363n de la Muestra \(FRM\)}{}% 19
\BOOKMARK [2][]{Outline0.20}{Funci\363n de Regresi\363n de la Muestra \(FRM\)}{}% 20
\BOOKMARK [2][]{Outline0.21}{FRM estoc\341stica}{}% 21
\BOOKMARK [2][]{Outline0.22}{Objetivo an\341lisis de regresi\363n}{}% 22
\BOOKMARK [2][]{Outline0.23}{Regresi\363n poblacional y regresi\363n muestral}{}% 23
\BOOKMARK [2][]{Outline0.24}{Sobre la figura anterior...}{}% 24
\BOOKMARK [2][]{Outline0.25}{Recuerde...}{}% 25
